2023-11-13 22:02:38,383 INFO o.a.j.u.JMeterUtils: Setting Locale to en_EN
2023-11-13 22:02:38,399 INFO o.a.j.JMeter: Loading user properties from: D:\OKILANI\SQA BOOTCAMP\BINAR\apache-jmeter-5.6.2\apache-jmeter-5.6.2\bin\user.properties
2023-11-13 22:02:38,400 INFO o.a.j.JMeter: Loading system properties from: D:\OKILANI\SQA BOOTCAMP\BINAR\apache-jmeter-5.6.2\apache-jmeter-5.6.2\bin\system.properties
2023-11-13 22:02:38,405 INFO o.a.j.JMeter: Copyright (c) 1998-2023 The Apache Software Foundation
2023-11-13 22:02:38,405 INFO o.a.j.JMeter: Version 5.6.2
2023-11-13 22:02:38,405 INFO o.a.j.JMeter: java.version=21.0.1
2023-11-13 22:02:38,405 INFO o.a.j.JMeter: java.vm.name=Java HotSpot(TM) 64-Bit Server VM
2023-11-13 22:02:38,405 INFO o.a.j.JMeter: os.name=Windows 11
2023-11-13 22:02:38,406 INFO o.a.j.JMeter: os.arch=amd64
2023-11-13 22:02:38,406 INFO o.a.j.JMeter: os.version=10.0
2023-11-13 22:02:38,406 INFO o.a.j.JMeter: file.encoding=UTF-8
2023-11-13 22:02:38,406 INFO o.a.j.JMeter: java.awt.headless=true
2023-11-13 22:02:38,406 INFO o.a.j.JMeter: Max memory     =1073741824
2023-11-13 22:02:38,406 INFO o.a.j.JMeter: Available Processors =6
2023-11-13 22:02:38,415 INFO o.a.j.JMeter: Default Locale=English (EN)
2023-11-13 22:02:38,416 INFO o.a.j.JMeter: JMeter  Locale=English (EN)
2023-11-13 22:02:38,416 INFO o.a.j.JMeter: JMeterHome=D:\OKILANI\SQA BOOTCAMP\BINAR\apache-jmeter-5.6.2\apache-jmeter-5.6.2
2023-11-13 22:02:38,416 INFO o.a.j.JMeter: user.dir  =D:\OKILANI\SQA BOOTCAMP\BINAR\JMETER\APP
2023-11-13 22:02:38,416 INFO o.a.j.JMeter: PWD       =D:\OKILANI\SQA BOOTCAMP\BINAR\JMETER\APP
2023-11-13 22:02:38,419 INFO o.a.j.JMeter: IP: 172.20.10.2 Name: Laurensia FullName: Laurensia
2023-11-13 22:02:38,431 INFO o.a.j.JMeter: Setting property 'jmeter.reportgenerator.outputdir' to:'D:\OKILANI\SQA BOOTCAMP\BINAR\JMETER\APP\Summary_Report'
2023-11-13 22:02:38,434 INFO o.a.j.r.d.ReportGenerator: ReportGenerator will use for Parsing the separator: ','
2023-11-13 22:02:38,434 INFO o.a.j.r.d.ReportGenerator: Will only generate report from results file: summary_report.jtl
2023-11-13 22:02:38,434 INFO o.a.j.r.d.ReportGenerator: Reading report generator properties from: D:\OKILANI\SQA BOOTCAMP\BINAR\apache-jmeter-5.6.2\apache-jmeter-5.6.2\bin\reportgenerator.properties
2023-11-13 22:02:38,435 INFO o.a.j.r.d.ReportGenerator: Merging with JMeter properties
2023-11-13 22:02:38,438 INFO o.a.j.r.c.ReportGeneratorConfiguration: Property 'jmeter.reportgenerator.temp_dir' not found, using default value 'temp' instead.
2023-11-13 22:02:38,441 INFO o.a.j.r.c.ReportGeneratorConfiguration: Property 'jmeter.reportgenerator.apdex_per_transaction' not found, using default value 'null' instead.
2023-11-13 22:02:38,452 INFO o.a.j.r.c.ReportGeneratorConfiguration: apdex_per_transaction is empty, not APDEX per transaction customization
2023-11-13 22:02:38,452 INFO o.a.j.r.c.ReportGeneratorConfiguration: Property 'jmeter.reportgenerator.sample_filter' not found, using default value 'null' instead.
2023-11-13 22:02:38,452 INFO o.a.j.r.c.ReportGeneratorConfiguration: Property 'jmeter.reportgenerator.report_title' not found, using default value 'null' instead.
2023-11-13 22:02:38,452 INFO o.a.j.r.c.ReportGeneratorConfiguration: Property 'jmeter.reportgenerator.start_date' not found, using default value 'null' instead.
2023-11-13 22:02:38,453 INFO o.a.j.r.c.ReportGeneratorConfiguration: Property 'jmeter.reportgenerator.end_date' not found, using default value 'null' instead.
2023-11-13 22:02:38,453 INFO o.a.j.r.c.ReportGeneratorConfiguration: Property 'jmeter.reportgenerator.date_format' not found, using default value 'null' instead.
2023-11-13 22:02:38,456 INFO o.a.j.r.c.ReportGeneratorConfiguration: Will use date range start date: null, end date: null
2023-11-13 22:02:38,459 INFO o.a.j.r.c.ReportGeneratorConfiguration: Property 'jmeter.reportgenerator.graph.totalTPS.exclude_controllers' not found, using default value 'false' instead.
2023-11-13 22:02:38,459 INFO o.a.j.r.c.ReportGeneratorConfiguration: Property 'jmeter.reportgenerator.graph.activeThreadsOverTime.exclude_controllers' not found, using default value 'false' instead.
2023-11-13 22:02:38,459 INFO o.a.j.r.c.ReportGeneratorConfiguration: Property 'jmeter.reportgenerator.graph.timeVsThreads.exclude_controllers' not found, using default value 'false' instead.
2023-11-13 22:02:38,459 INFO o.a.j.r.c.ReportGeneratorConfiguration: Property 'jmeter.reportgenerator.graph.responseTimeDistribution.exclude_controllers' not found, using default value 'false' instead.
2023-11-13 22:02:38,459 INFO o.a.j.r.c.ReportGeneratorConfiguration: Property 'jmeter.reportgenerator.graph.transactionsPerSecond.exclude_controllers' not found, using default value 'false' instead.
2023-11-13 22:02:38,459 INFO o.a.j.r.c.ReportGeneratorConfiguration: Property 'jmeter.reportgenerator.graph.responseTimePercentiles.exclude_controllers' not found, using default value 'false' instead.
2023-11-13 22:02:38,459 INFO o.a.j.r.c.ReportGeneratorConfiguration: Property 'jmeter.reportgenerator.graph.responseTimePercentilesOverTime.exclude_controllers' not found, using default value 'false' instead.
2023-11-13 22:02:38,460 INFO o.a.j.r.c.ReportGeneratorConfiguration: Property 'jmeter.reportgenerator.graph.responseTimesOverTime.exclude_controllers' not found, using default value 'false' instead.
2023-11-13 22:02:38,460 INFO o.a.j.r.c.ReportGeneratorConfiguration: Property 'jmeter.reportgenerator.graph.connectTimeOverTime.exclude_controllers' not found, using default value 'false' instead.
2023-11-13 22:02:38,460 INFO o.a.j.r.c.ReportGeneratorConfiguration: Property 'jmeter.reportgenerator.graph.latenciesOverTime.exclude_controllers' not found, using default value 'false' instead.
2023-11-13 22:02:38,460 INFO o.a.j.r.c.ReportGeneratorConfiguration: Property 'jmeter.reportgenerator.exporter.json.filters_only_sample_series' not found, using default value 'true' instead.
2023-11-13 22:02:38,460 INFO o.a.j.r.c.ReportGeneratorConfiguration: Property 'jmeter.reportgenerator.exporter.json.series_filter' not found, using default value '' instead.
2023-11-13 22:02:38,460 INFO o.a.j.r.c.ReportGeneratorConfiguration: Property 'jmeter.reportgenerator.exporter.json.show_controllers_only' not found, using default value 'false' instead.
2023-11-13 22:02:38,461 INFO o.a.j.r.c.ReportGeneratorConfiguration: Property 'jmeter.reportgenerator.exporter.html.filters_only_sample_series' not found, using default value 'true' instead.
2023-11-13 22:02:38,461 INFO o.a.j.r.c.ReportGeneratorConfiguration: Property 'jmeter.reportgenerator.exporter.html.series_filter' not found, using default value '' instead.
2023-11-13 22:02:38,461 INFO o.a.j.r.c.ReportGeneratorConfiguration: Property 'jmeter.reportgenerator.exporter.html.show_controllers_only' not found, using default value 'false' instead.
2023-11-13 22:02:38,636 INFO o.a.j.s.SaveService: Testplan (JMX) version: 2.2. Testlog (JTL) version: 2.2
2023-11-13 22:02:38,666 INFO o.a.j.s.SaveService: Using SaveService properties version 5.0
2023-11-13 22:02:38,669 INFO o.a.j.s.SaveService: Using SaveService properties file encoding UTF-8
2023-11-13 22:02:38,692 INFO o.a.j.r.p.NormalizerSampleConsumer: Using format, 'ms', to parse timeStamp field
2023-11-13 22:02:38,926 INFO o.a.j.r.p.AbstractSampleConsumer: class org.apache.jmeter.report.processor.AggregateConsumer#stopProducing(): beginDate produced 0 samples
2023-11-13 22:02:38,926 INFO o.a.j.r.p.AbstractSampleConsumer: class org.apache.jmeter.report.processor.AggregateConsumer#stopProducing(): endDate produced 0 samples
2023-11-13 22:02:38,928 INFO o.a.j.r.p.AbstractSampleConsumer: class org.apache.jmeter.report.processor.ApdexSummaryConsumer#stopProducing(): apdexSummary produced 0 samples
2023-11-13 22:02:38,928 INFO o.a.j.r.p.AbstractSampleConsumer: class org.apache.jmeter.report.processor.RequestsSummaryConsumer#stopProducing(): requestsSummary produced 0 samples
2023-11-13 22:02:38,934 INFO o.a.j.r.p.AbstractSampleConsumer: class org.apache.jmeter.report.processor.StatisticsSummaryConsumer#stopProducing(): statisticsSummary produced 0 samples
2023-11-13 22:02:38,936 INFO o.a.j.r.p.AbstractSampleConsumer: class org.apache.jmeter.report.processor.Top5ErrorsBySamplerConsumer#stopProducing(): top5ErrorsBySampler produced 0 samples
2023-11-13 22:02:38,936 INFO o.a.j.r.p.AbstractSampleConsumer: class org.apache.jmeter.report.processor.ErrorsSummaryConsumer#stopProducing(): errorsSummary produced 0 samples
2023-11-13 22:02:38,936 INFO o.a.j.r.p.AbstractSampleConsumer: class org.apache.jmeter.report.processor.graph.impl.HitsPerSecondGraphConsumer#stopProducing(): hitsPerSecond produced 0 samples
2023-11-13 22:02:38,996 INFO o.a.j.r.p.AbstractSampleConsumer: class org.apache.jmeter.report.processor.graph.impl.LatencyVSRequestGraphConsumer#stopProducing(): latencyVsRequest produced 0 samples
2023-11-13 22:02:38,997 INFO o.a.j.r.p.AbstractSampleConsumer: class org.apache.jmeter.report.processor.graph.impl.SyntheticResponseTimeDistributionGraphConsumer#stopProducing(): syntheticResponseTimeDistribution produced 0 samples
2023-11-13 22:02:38,997 INFO o.a.j.r.p.AbstractSampleConsumer: class org.apache.jmeter.report.processor.graph.impl.BytesThroughputGraphConsumer#stopProducing(): bytesThroughputOverTime produced 0 samples
2023-11-13 22:02:38,997 INFO o.a.j.r.p.AbstractSampleConsumer: class org.apache.jmeter.report.processor.graph.impl.CodesPerSecondGraphConsumer#stopProducing(): codesPerSecond produced 0 samples
2023-11-13 22:02:39,031 INFO o.a.j.r.p.AbstractSampleConsumer: class org.apache.jmeter.report.processor.graph.impl.ResponseTimeVSRequestGraphConsumer#stopProducing(): responseTimeVsRequest produced 0 samples
2023-11-13 22:02:39,032 INFO o.a.j.r.p.AbstractSampleConsumer: class org.apache.jmeter.report.processor.FilterConsumer#stopProducing(): startIntervalControlerFilter produced 16800 samples
2023-11-13 22:02:39,032 INFO o.a.j.r.p.AbstractSampleConsumer: class org.apache.jmeter.report.processor.graph.impl.TotalTPSGraphConsumer#stopProducing(): totalTPS produced 0 samples
2023-11-13 22:02:39,033 INFO o.a.j.r.p.AbstractSampleConsumer: class org.apache.jmeter.report.processor.graph.impl.ActiveThreadsGraphConsumer#stopProducing(): activeThreadsOverTime produced 0 samples
2023-11-13 22:02:39,033 INFO o.a.j.r.p.AbstractSampleConsumer: class org.apache.jmeter.report.processor.graph.impl.TimeVSThreadGraphConsumer#stopProducing(): timeVsThreads produced 0 samples
2023-11-13 22:02:39,033 INFO o.a.j.r.p.AbstractSampleConsumer: class org.apache.jmeter.report.processor.graph.impl.ResponseTimeDistributionGraphConsumer#stopProducing(): responseTimeDistribution produced 0 samples
2023-11-13 22:02:39,034 INFO o.a.j.r.p.AbstractSampleConsumer: class org.apache.jmeter.report.processor.graph.impl.TransactionsPerSecondGraphConsumer#stopProducing(): transactionsPerSecond produced 0 samples
2023-11-13 22:02:39,034 INFO o.a.j.r.p.AbstractSampleConsumer: class org.apache.jmeter.report.processor.graph.impl.ResponseTimePercentilesGraphConsumer#stopProducing(): responseTimePercentiles produced 0 samples
2023-11-13 22:02:39,038 INFO o.a.j.r.p.AbstractSampleConsumer: class org.apache.jmeter.report.processor.graph.impl.ResponseTimePercentilesOverTimeGraphConsumer#stopProducing(): responseTimePercentilesOverTime produced 0 samples
2023-11-13 22:02:39,039 INFO o.a.j.r.p.AbstractSampleConsumer: class org.apache.jmeter.report.processor.graph.impl.ResponseTimeOverTimeGraphConsumer#stopProducing(): responseTimesOverTime produced 0 samples
2023-11-13 22:02:39,039 INFO o.a.j.r.p.AbstractSampleConsumer: class org.apache.jmeter.report.processor.graph.impl.ConnectTimeOverTimeGraphConsumer#stopProducing(): connectTimeOverTime produced 0 samples
2023-11-13 22:02:39,039 INFO o.a.j.r.p.AbstractSampleConsumer: class org.apache.jmeter.report.processor.graph.impl.LatencyOverTimeGraphConsumer#stopProducing(): latenciesOverTime produced 0 samples
2023-11-13 22:02:39,039 INFO o.a.j.r.p.AbstractSampleConsumer: class org.apache.jmeter.report.processor.FilterConsumer#stopProducing(): nameFilter produced 36000 samples
2023-11-13 22:02:39,039 INFO o.a.j.r.p.AbstractSampleConsumer: class org.apache.jmeter.report.processor.FilterConsumer#stopProducing(): dateRangeFilter produced 7200 samples
2023-11-13 22:02:39,039 INFO o.a.j.r.p.AbstractSampleConsumer: class org.apache.jmeter.report.processor.NormalizerSampleConsumer#stopProducing(): normalizer produced 2400 samples
2023-11-13 22:02:39,040 INFO o.a.j.r.p.CsvFileSampleSource: produce(): 2400 samples produced in 325ms on channel 0
2023-11-13 22:02:39,040 INFO o.a.j.r.d.ReportGenerator: Exporting data using exporter:'json' of className:'org.apache.jmeter.report.dashboard.JsonExporter'
2023-11-13 22:02:39,146 INFO o.a.j.r.d.JsonExporter: Found data for consumer statisticsSummary in context
2023-11-13 22:02:39,146 INFO o.a.j.r.d.JsonExporter: Creating statistics for overall
2023-11-13 22:02:39,147 INFO o.a.j.r.d.JsonExporter: Creating statistics for other transactions
2023-11-13 22:02:39,147 INFO o.a.j.r.d.JsonExporter: Checking output folder
2023-11-13 22:02:39,148 INFO o.a.j.r.d.JsonExporter: Writing statistics JSON to D:\OKILANI\SQA BOOTCAMP\BINAR\JMETER\APP\Summary_Report\statistics.json
2023-11-13 22:02:39,197 INFO o.a.j.r.d.ReportGenerator: Exporting data using exporter:'html' of className:'org.apache.jmeter.report.dashboard.HtmlTemplateExporter'
2023-11-13 22:02:39,200 INFO o.a.j.r.d.HtmlTemplateExporter: Will generate dashboard in folder: D:\OKILANI\SQA BOOTCAMP\BINAR\JMETER\APP\Summary_Report
2023-11-13 22:02:39,325 INFO o.a.j.r.d.HtmlTemplateExporter: Report will be generated in: D:\OKILANI\SQA BOOTCAMP\BINAR\JMETER\APP\Summary_Report, creating folder structure
2023-11-13 22:02:39,327 INFO o.a.j.r.d.TemplateVisitor: Copying folder from 'D:\OKILANI\SQA BOOTCAMP\BINAR\apache-jmeter-5.6.2\apache-jmeter-5.6.2\bin\report-template' to 'D:\OKILANI\SQA BOOTCAMP\BINAR\JMETER\APP\Summary_Report', got message: D:\OKILANI\SQA BOOTCAMP\BINAR\JMETER\APP\Summary_Report, found non empty folder with following content [D:\OKILANI\SQA BOOTCAMP\BINAR\JMETER\APP\Summary_Report\statistics.json], will be ignored
