[35m[Appium][39m Welcome to Appium v1.22.3
[35m[Appium][39m Non-default server args:
[35m[Appium][39m   port: 50311
[35m[Appium][39m   tmpDir: C:\Users\Lenovo\AppData\Local\Temp\\Katalon\Appium\Temp1706602574054
[35m[Appium][39m   chromedriverPort: 50312
[35m[Appium][39m Deprecated server args:
[35m[Appium][39m   [31m--chromedriver-port[39m => --default-capabilities
[35m[Appium][39m Default capabilities, which will be added to each request unless overridden by desired capabilities:
[35m[Appium][39m   chromedriverPort: 50312
[35m[Appium][39m Appium REST http interface listener started on 0.0.0.0:50311
[35m[HTTP][39m [37m-->[39m [37mGET[39m [37m/wd/hub/status[39m
[35m[HTTP][39m [90m{}[39m
[debug] [35m[GENERIC][39m Calling AppiumDriver.getStatus() with args: []
[debug] [35m[GENERIC][39m Responding to client with driver.getStatus() result: {"build":{"version":"1.22.3"}}
[35m[HTTP][39m [37m<-- GET /wd/hub/status [39m[32m200[39m [90m6 ms - 68[39m
[35m[HTTP][39m [90m[39m
[35m[HTTP][39m [37m-->[39m [37mGET[39m [37m/wd/hub/status[39m
[35m[HTTP][39m [90m{}[39m
[debug] [35m[GENERIC][39m Calling AppiumDriver.getStatus() with args: []
[debug] [35m[GENERIC][39m Responding to client with driver.getStatus() result: {"build":{"version":"1.22.3"}}
[35m[HTTP][39m [37m<-- GET /wd/hub/status [39m[32m200[39m [90m1 ms - 68[39m
[35m[HTTP][39m [90m[39m
[35m[HTTP][39m [37m-->[39m [37mPOST[39m [37m/wd/hub/session[39m
[35m[HTTP][39m [90m{"desiredCapabilities":{"appActivity":".Settings","appPackage":"com.android.settings","newCommandTimeout":1800,"platformVersion":"13","automationName":"uiautomator2","autoGrantPermissions":true,"platformName":"Android","udid":"emulator-5554","deviceName":"emulator-5554 (sdk_gphone64_x86_64 - Android 13)","platform":"ANDROID","systemPort":8297},"capabilities":{"firstMatch":[{"appium:appActivity":".Settings","appium:appPackage":"com.android.settings","appium:autoGrantPermissions":true,"appium:automationName":"uiautomator2","appium:deviceName":"emulator-5554 (sdk_gphone64_x86_64 - Android 13)","appium:newCommandTimeout":1800,"platform":"ANDROID","platformName":"android","appium:platformVersion":"13","appium:systemPort":8297,"appium:udid":"emulator-5554"}]}}[39m
[debug] [35m[W3C][39m Calling AppiumDriver.createSession() with args: [{"appActivity":".Settings","appPackage":"com.android.settings","newCommandTimeout":1800,"platformVersion":"13","automationName":"uiautomator2","autoGrantPermissions":true,"platformName":"Android","udid":"emulator-5554","deviceName":"emulator-5554 (sdk_gphone64_x86_64 - Android 13)","platform":"ANDROID","systemPort":8297},null,{"firstMatch":[{"appium:appActivity":".Settings","appium:appPackage":"com.android.settings","appium:autoGrantPermissions":true,"appium:automationName":"uiautomator2","appium:deviceName":"emulator-5554 (sdk_gphone64_x86_64 - Android 13)","appium:newCommandTimeout":1800,"platform":"ANDROID","platformName":"android","appium:platformVersion":"13","appium:systemPort":8297,"appium:udid":"emulator-5554"}]}]
[debug] [35m[BaseDriver][39m Event 'newSessionRequested' logged at 1706602575851 (15:16:15 GMT+0700 (Western Indonesia Time))
[35m[BaseDriver][39m The following capabilities are not standard capabilities and should have an extension prefix:
[35m[BaseDriver][39m   platform
[35m[BaseDriver][39m   chromedriverPort
[35m[Appium][39m Appium v1.22.3 creating new AndroidUiautomator2Driver (v1.70.1) session
[debug] [35m[BaseDriver][39m W3C capabilities and MJSONWP desired capabilities were provided
[debug] [35m[BaseDriver][39m Creating session with W3C capabilities: {
[debug] [35m[BaseDriver][39m   "alwaysMatch": {
[debug] [35m[BaseDriver][39m     "appium:platform": "ANDROID",
[debug] [35m[BaseDriver][39m     "platformName": "android",
[debug] [35m[BaseDriver][39m     "appium:chromedriverPort": 50312,
[debug] [35m[BaseDriver][39m     "appium:appActivity": ".Settings",
[debug] [35m[BaseDriver][39m     "appium:appPackage": "com.android.settings",
[debug] [35m[BaseDriver][39m     "appium:autoGrantPermissions": true,
[debug] [35m[BaseDriver][39m     "appium:automationName": "uiautomator2",
[debug] [35m[BaseDriver][39m     "appium:deviceName": "emulator-5554 (sdk_gphone64_x86_64 - Android 13)",
[debug] [35m[BaseDriver][39m     "appium:newCommandTimeout": 1800,
[debug] [35m[BaseDriver][39m     "appium:platformVersion": "13",
[debug] [35m[BaseDriver][39m     "appium:systemPort": 8297,
[debug] [35m[BaseDriver][39m     "appium:udid": "emulator-5554"
[debug] [35m[BaseDriver][39m   },
[debug] [35m[BaseDriver][39m   "firstMatch": [
[debug] [35m[BaseDriver][39m     {}
[debug] [35m[BaseDriver][39m   ]
[debug] [35m[BaseDriver][39m }
[35m[BaseDriver][39m The following capabilities were provided, but are not recognized by Appium:
[35m[BaseDriver][39m   platform
[35m[BaseDriver][39m Session created with session id: ddc900a5-dddf-49cd-8339-9f6951e8c246
[35m[UiAutomator2][39m Starting 'com.android.settings' directly on the device
[35m[ADB][39m Found 1 'build-tools' folders under 'C:\Users\Lenovo\.katalon\tools\android_sdk' (newest first):
[35m[ADB][39m     C:/Users/Lenovo/.katalon/tools/android_sdk/build-tools/29.0.3
[35m[ADB][39m Using 'adb.exe' from 'C:\Users\Lenovo\.katalon\tools\android_sdk\platform-tools\adb.exe'
[debug] [35m[ADB][39m Running 'C:\Users\Lenovo\.katalon\tools\android_sdk\platform-tools\adb.exe -P 5037 start-server'
[35m[AndroidDriver][39m Retrieving device list
[debug] [35m[ADB][39m Trying to find a connected android device
[debug] [35m[ADB][39m Getting connected devices
[debug] [35m[ADB][39m Connected devices: [{"udid":"emulator-5554","state":"device"}]
[35m[AndroidDriver][39m Using device: emulator-5554
[35m[ADB][39m Using 'adb.exe' from 'C:\Users\Lenovo\.katalon\tools\android_sdk\platform-tools\adb.exe'
[debug] [35m[ADB][39m Running 'C:\Users\Lenovo\.katalon\tools\android_sdk\platform-tools\adb.exe -P 5037 start-server'
[debug] [35m[ADB][39m Setting device id to emulator-5554
[debug] [35m[ADB][39m Running 'C:\Users\Lenovo\.katalon\tools\android_sdk\platform-tools\adb.exe -P 5037 -s emulator-5554 shell getprop ro.build.version.sdk'
[debug] [35m[ADB][39m Current device property 'ro.build.version.sdk': 33
[35m[ADB][39m Getting device platform version
[debug] [35m[ADB][39m Running 'C:\Users\Lenovo\.katalon\tools\android_sdk\platform-tools\adb.exe -P 5037 -s emulator-5554 shell getprop ro.build.version.release'
[debug] [35m[ADB][39m Current device property 'ro.build.version.release': 13
[debug] [35m[ADB][39m Device API level: 33
[35m[UiAutomator2][39m Relaxing hidden api policy
[debug] [35m[ADB][39m Running 'C:\Users\Lenovo\.katalon\tools\android_sdk\platform-tools\adb.exe -P 5037 -s emulator-5554 shell 'settings put global hidden_api_policy_pre_p_apps 1;settings put global hidden_api_policy_p_apps 1;settings put global hidden_api_policy 1''
[35m[AndroidDriver][39m No app sent in, not parsing package/activity
[debug] [35m[ADB][39m Running 'C:\Users\Lenovo\.katalon\tools\android_sdk\platform-tools\adb.exe -P 5037 -s emulator-5554 wait-for-device'
[debug] [35m[ADB][39m Running 'C:\Users\Lenovo\.katalon\tools\android_sdk\platform-tools\adb.exe -P 5037 -s emulator-5554 shell echo ping'
[debug] [35m[AndroidDriver][39m Pushing settings apk to device...
[debug] [35m[ADB][39m Getting install status for io.appium.settings
[debug] [35m[ADB][39m Running 'C:\Users\Lenovo\.katalon\tools\android_sdk\platform-tools\adb.exe -P 5037 -s emulator-5554 shell dumpsys package io.appium.settings'
[debug] [35m[ADB][39m 'io.appium.settings' is installed
[debug] [35m[ADB][39m Getting package info for 'io.appium.settings'
[debug] [35m[ADB][39m Running 'C:\Users\Lenovo\.katalon\tools\android_sdk\platform-tools\adb.exe -P 5037 -s emulator-5554 shell dumpsys package io.appium.settings'
[debug] [35m[ADB][39m The version name of the installed 'io.appium.settings' is greater or equal to the application version name ('3.4.0' >= '3.4.0')
[debug] [35m[ADB][39m There is no need to install/upgrade 'C:\Users\Lenovo\AppData\Roaming\npm\node_modules\appium\node_modules\io.appium.settings\apks\settings_apk-debug.apk'
[debug] [35m[ADB][39m Getting IDs of all 'io.appium.settings' processes
[debug] [35m[ADB][39m Running 'C:\Users\Lenovo\.katalon\tools\android_sdk\platform-tools\adb.exe -P 5037 -s emulator-5554 shell 'pgrep --help; echo $?''
[debug] [35m[ADB][39m Running 'C:\Users\Lenovo\.katalon\tools\android_sdk\platform-tools\adb.exe -P 5037 -s emulator-5554 shell pgrep -f \(\[\[:blank:\]\]\|\^\)io\.appium\.settings\(\[\[:blank:\]\]\|\$\)'
[debug] [35m[AndroidDriver][39m io.appium.settings is already running. There is no need to reset its permissions.
[debug] [35m[Logcat][39m Starting logs capture with command: C:\\Users\\Lenovo\\.katalon\\tools\\android_sdk\\platform-tools\\adb.exe -P 5037 -s emulator-5554 logcat -v threadtime
[debug] [35m[UiAutomator2][39m Forwarding UiAutomator2 Server port 6790 to local port 8297
[debug] [35m[ADB][39m Forwarding system: 8297 to device: 6790
[debug] [35m[ADB][39m Running 'C:\Users\Lenovo\.katalon\tools\android_sdk\platform-tools\adb.exe -P 5037 -s emulator-5554 forward tcp:8297 tcp:6790'
[debug] [35m[ADB][39m Getting install status for io.appium.uiautomator2.server
[debug] [35m[ADB][39m Running 'C:\Users\Lenovo\.katalon\tools\android_sdk\platform-tools\adb.exe -P 5037 -s emulator-5554 shell dumpsys package io.appium.uiautomator2.server'
[debug] [35m[ADB][39m 'io.appium.uiautomator2.server' is installed
[debug] [35m[ADB][39m Getting package info for 'io.appium.uiautomator2.server'
[debug] [35m[ADB][39m Running 'C:\Users\Lenovo\.katalon\tools\android_sdk\platform-tools\adb.exe -P 5037 -s emulator-5554 shell dumpsys package io.appium.uiautomator2.server'
[debug] [35m[ADB][39m The version name of the installed 'io.appium.uiautomator2.server' is greater or equal to the application version name ('4.27.0' >= '4.27.0')
[debug] [35m[UiAutomator2][39m io.appium.uiautomator2.server installation state: sameVersionInstalled
[debug] [35m[ADB][39m Checking app cert for C:\Users\Lenovo\AppData\Roaming\npm\node_modules\appium\node_modules\appium-uiautomator2-server\apks\appium-uiautomator2-server-v4.27.0.apk
[35m[ADB][39m Using 'apksigner.jar' from 'C:\Users\Lenovo\.katalon\tools\android_sdk\build-tools\29.0.3\lib\apksigner.jar'
[debug] [35m[ADB][39m Starting apksigner: C:\\Users\\Lenovo\\.katalon\\packages\\Katalon_Studio_Windows_64-9.0.0\\Katalon_Studio_Windows_64-9.0.0\\jre\\bin\\java.exe -Xmx1024M -Xss1m -jar C:\\Users\\Lenovo\\.katalon\\tools\\android_sdk\\build-tools\\29.0.3\\lib\\apksigner.jar verify --print-certs C:\\Users\\Lenovo\\AppData\\Roaming\\npm\\node_modules\\appium\\node_modules\\appium-uiautomator2-server\\apks\\appium-uiautomator2-server-v4.27.0.apk
[debug] [35m[ADB][39m apksigner stdout: Signer #1 certificate DN: EMAILADDRESS=android@android.com, CN=Android, OU=Android, O=Android, L=Mountain View, ST=California, C=US
[debug] [35m[ADB][39m Signer #1 certificate SHA-256 digest: a40da80a59d170caa950cf15c18c454d47a39b26989d8b640ecd745ba71bf5dc
[debug] [35m[ADB][39m Signer #1 certificate SHA-1 digest: 61ed377e85d386a8dfee6b864bd85b0bfaa5af81
[debug] [35m[ADB][39m Signer #1 certificate MD5 digest: e89b158e4bcf988ebd09eb83f5378e87
[debug] [35m[ADB][39m 
[debug] [35m[ADB][39m sha256 hash did match for 'appium-uiautomator2-server-v4.27.0.apk'
[35m[ADB][39m 'C:\Users\Lenovo\AppData\Roaming\npm\node_modules\appium\node_modules\appium-uiautomator2-server\apks\appium-uiautomator2-server-v4.27.0.apk' is signed with the default certificate
[debug] [35m[ADB][39m Getting install status for io.appium.uiautomator2.server.test
[debug] [35m[ADB][39m Running 'C:\Users\Lenovo\.katalon\tools\android_sdk\platform-tools\adb.exe -P 5037 -s emulator-5554 shell dumpsys package io.appium.uiautomator2.server.test'
[debug] [35m[ADB][39m 'io.appium.uiautomator2.server.test' is installed
[debug] [35m[ADB][39m Checking app cert for C:\Users\Lenovo\AppData\Roaming\npm\node_modules\appium\node_modules\appium-uiautomator2-server\apks\appium-uiautomator2-server-debug-androidTest.apk
[debug] [35m[ADB][39m Starting apksigner: C:\\Users\\Lenovo\\.katalon\\packages\\Katalon_Studio_Windows_64-9.0.0\\Katalon_Studio_Windows_64-9.0.0\\jre\\bin\\java.exe -Xmx1024M -Xss1m -jar C:\\Users\\Lenovo\\.katalon\\tools\\android_sdk\\build-tools\\29.0.3\\lib\\apksigner.jar verify --print-certs C:\\Users\\Lenovo\\AppData\\Roaming\\npm\\node_modules\\appium\\node_modules\\appium-uiautomator2-server\\apks\\appium-uiautomator2-server-debug-androidTest.apk
[debug] [35m[ADB][39m apksigner stdout: Signer #1 certificate DN: EMAILADDRESS=android@android.com, CN=Android, OU=Android, O=Android, L=Mountain View, ST=California, C=US
[debug] [35m[ADB][39m Signer #1 certificate SHA-256 digest: a40da80a59d170caa950cf15c18c454d47a39b26989d8b640ecd745ba71bf5dc
[debug] [35m[ADB][39m Signer #1 certificate SHA-1 digest: 61ed377e85d386a8dfee6b864bd85b0bfaa5af81
[debug] [35m[ADB][39m Signer #1 certificate MD5 digest: e89b158e4bcf988ebd09eb83f5378e87
[debug] [35m[ADB][39m 
[debug] [35m[ADB][39m sha256 hash did match for 'appium-uiautomator2-server-debug-androidTest.apk'
[35m[ADB][39m 'C:\Users\Lenovo\AppData\Roaming\npm\node_modules\appium\node_modules\appium-uiautomator2-server\apks\appium-uiautomator2-server-debug-androidTest.apk' is signed with the default certificate
[35m[UiAutomator2][39m Server packages are not going to be (re)installed
[debug] [35m[UiAutomator2][39m Waiting up to 30000ms for services to be available
[debug] [35m[ADB][39m Running 'C:\Users\Lenovo\.katalon\tools\android_sdk\platform-tools\adb.exe -P 5037 -s emulator-5554 shell pm list instrumentation'
[debug] [35m[UiAutomator2][39m Instrumentation target 'io.appium.uiautomator2.server.test/androidx.test.runner.AndroidJUnitRunner' is available
[35m[ADB][39m Adding packages ["io.appium.settings","io.appium.uiautomator2.server","io.appium.uiautomator2.server.test"] to Doze whitelist
[debug] [35m[ADB][39m Got the following command chunks to execute: [["dumpsys","deviceidle","whitelist","+io.appium.settings",";","dumpsys","deviceidle","whitelist","+io.appium.uiautomator2.server",";","dumpsys","deviceidle","whitelist","+io.appium.uiautomator2.server.test",";"]]
[debug] [35m[ADB][39m Running 'C:\Users\Lenovo\.katalon\tools\android_sdk\platform-tools\adb.exe -P 5037 -s emulator-5554 shell dumpsys deviceidle whitelist +io.appium.settings ; dumpsys deviceidle whitelist +io.appium.uiautomator2.server ; dumpsys deviceidle whitelist +io.appium.uiautomator2.server.test ;'
[debug] [35m[UiAutomator2][39m No app capability. Assuming it is already on the device
[debug] [35m[ADB][39m Getting install status for com.android.settings
[debug] [35m[ADB][39m Running 'C:\Users\Lenovo\.katalon\tools\android_sdk\platform-tools\adb.exe -P 5037 -s emulator-5554 shell dumpsys package com.android.settings'
[debug] [35m[ADB][39m 'com.android.settings' is installed
[debug] [35m[ADB][39m Running 'C:\Users\Lenovo\.katalon\tools\android_sdk\platform-tools\adb.exe -P 5037 -s emulator-5554 shell am force-stop com.android.settings'
[debug] [35m[ADB][39m Running 'C:\Users\Lenovo\.katalon\tools\android_sdk\platform-tools\adb.exe -P 5037 -s emulator-5554 shell pm clear com.android.settings'
[debug] [35m[ADB][39m Running 'C:\Users\Lenovo\.katalon\tools\android_sdk\platform-tools\adb.exe -P 5037 -s emulator-5554 shell dumpsys package com.android.settings'
[debug] [35m[ADB][39m Retrieving requested permissions
[debug] [35m[ADB][39m Retrieved 263 permissions from requested group
[debug] [35m[ADB][39m Retrieving granted permissions
[debug] [35m[ADB][39m Retrieved 164 permissions from install,runtime groups
[debug] [35m[ADB][39m Granting permissions ["android.launcher.permission.READ_SETTINGS","android.launcher.permission.WRITE_SETTINGS","android.wildlife.permission.VPN_APP_EXCLUSION_LAUNCH","android.wildlife.permission.ADVANCED_VPN_CONFIG"] to 'com.android.settings'
[debug] [35m[ADB][39m Got the following command chunks to execute: [["pm","grant","com.android.settings","android.launcher.permission.READ_SETTINGS",";","pm","grant","com.android.settings","android.launcher.permission.WRITE_SETTINGS",";","pm","grant","com.android.settings","android.wildlife.permission.VPN_APP_EXCLUSION_LAUNCH",";","pm","grant","com.android.settings","android.wildlife.permission.ADVANCED_VPN_CONFIG",";"]]
[debug] [35m[ADB][39m Running 'C:\Users\Lenovo\.katalon\tools\android_sdk\platform-tools\adb.exe -P 5037 -s emulator-5554 shell pm grant com.android.settings android.launcher.permission.READ_SETTINGS ; pm grant com.android.settings android.launcher.permission.WRITE_SETTINGS ; pm grant com.android.settings android.wildlife.permission.VPN_APP_EXCLUSION_LAUNCH ; pm grant com.android.settings android.wildlife.permission.ADVANCED_VPN_CONFIG ;'
[debug] [35m[AndroidDriver][39m Performed fast reset on the installed 'com.android.settings' application (stop and clear)
[debug] [35m[UiAutomator2][39m Performing shallow cleanup of automation leftovers
[debug] [35m[UiAutomator2][39m No obsolete sessions have been detected (socket hang up)
[debug] [35m[ADB][39m Running 'C:\Users\Lenovo\.katalon\tools\android_sdk\platform-tools\adb.exe -P 5037 -s emulator-5554 shell am force-stop io.appium.uiautomator2.server.test'
[35m[UiAutomator2][39m Starting UIAutomator2 server 4.27.0
[35m[UiAutomator2][39m Using UIAutomator2 server from 'C:\Users\Lenovo\AppData\Roaming\npm\node_modules\appium\node_modules\appium-uiautomator2-server\apks\appium-uiautomator2-server-v4.27.0.apk' and test from 'C:\Users\Lenovo\AppData\Roaming\npm\node_modules\appium\node_modules\appium-uiautomator2-server\apks\appium-uiautomator2-server-debug-androidTest.apk'
[35m[UiAutomator2][39m Waiting up to 30000ms for UiAutomator2 to be online...
[debug] [35m[ADB][39m Creating ADB subprocess with args: ["-P",5037,"-s","emulator-5554","shell","am","instrument","-w","-e","disableAnalytics",true,"io.appium.uiautomator2.server.test/androidx.test.runner.AndroidJUnitRunner"]
[debug] [35m[WD Proxy][39m Matched '/status' to command name 'getStatus'
[debug] [35m[WD Proxy][39m Proxying [GET /status] to [GET http://127.0.0.1:8297/wd/hub/status] with no body
[35m[WD Proxy][39m socket hang up
[debug] [35m[Instrumentation][39m io.appium.uiautomator2.server.test.AppiumUiAutomator2Server:
[debug] [35m[WD Proxy][39m Matched '/status' to command name 'getStatus'
[debug] [35m[WD Proxy][39m Proxying [GET /status] to [GET http://127.0.0.1:8297/wd/hub/status] with no body
[35m[WD Proxy][39m socket hang up
[debug] [35m[WD Proxy][39m Matched '/status' to command name 'getStatus'
[debug] [35m[WD Proxy][39m Proxying [GET /status] to [GET http://127.0.0.1:8297/wd/hub/status] with no body
[debug] [35m[WD Proxy][39m Got response with status 200: {"sessionId":"None","value":{"message":"UiAutomator2 Server is ready to accept commands","ready":true}}
[debug] [35m[UiAutomator2][39m The initialization of the instrumentation process took 2124ms
[debug] [35m[WD Proxy][39m Matched '/session' to command name 'createSession'
[debug] [35m[WD Proxy][39m Proxying [POST /session] to [POST http://127.0.0.1:8297/wd/hub/session] with body: {"capabilities":{"firstMatch":[{"platform":"ANDROID","webStorageEnabled":false,"takesScreenshot":true,"javascriptEnabled":true,"databaseEnabled":false,"networkConnectionEnabled":true,"locationContextEnabled":false,"warnings":{},"desired":{"platformName":"android","platform":"ANDROID","chromedriverPort":50312,"appActivity":".Settings","appPackage":"com.android.settings","autoGrantPermissions":true,"automationName":"uiautomator2","deviceName":"emulator-5554 (sdk_gphone64_x86_64 - Android 13)","newCommandTimeout":1800,"platformVersion":"13","systemPort":8297,"udid":"emulator-5554"},"platformName":"android","chromedriverPort":50312,"appActivity":".Settings","appPackage":"com.android.settings","autoGrantPermissions":true,"automationName":"uiautomator2","deviceName":"emulator-5554","newCommandTimeout":1800,"platformVersion":"13","systemPort":8297,"udid":"emulator-5554","deviceUDID":"emulator-5554"}],"alwaysMatch":{}}}
[debug] [35m[WD Proxy][39m Got response with status 200: {"sessionId":"9b394eb7-74d0-4a83-a95b-8a230fad5524","value":{"capabilities":{"firstMatch":[{"platform":"ANDROID","webStorageEnabled":false,"takesScreenshot":true,"javascriptEnabled":true,"databaseEnabled":false,"networkConnectionEnabled":true,"locationContextEnabled":false,"warnings":{},"desired":{"platformName":"android","platform":"ANDROID","chromedriverPort":50312,"appActivity":".Settings","appPackage":"com.android.settings","autoGrantPermissions":true,"automationName":"uiautomator2","deviceName":"emulator-5554 (sdk_gphone64_x86_64 - Android 13)","newCommandTimeout":1800,"platformVersion":"13","systemPort":8297,"udid":"emulator-5554"},"platformName":"android","chromedriverPort":50312,"appActivity":".Settings","appPackage":"com.android.settings","autoGrantPermissions":true,"automationName":"uiautomator2","deviceName":"emulator-5554","newCommandTimeout":1800,"platformVersion":"13","systemPort":8297,"udid":"emulator-5554","deviceUDID":"emulator-5554"}],"alwaysMatch":{}},"sessionId":"9b394eb7-74d0-4a83-a95b...
[35m[WD Proxy][39m Determined the downstream protocol as 'W3C'
[debug] [35m[WD Proxy][39m Proxying [GET /appium/device/info] to [GET http://127.0.0.1:8297/wd/hub/session/9b394eb7-74d0-4a83-a95b-8a230fad5524/appium/device/info] with no body
[debug] [35m[WD Proxy][39m Got response with status 200: {"sessionId":"9b394eb7-74d0-4a83-a95b-8a230fad5524","value":{"androidId":"00e85694d7be6c2c","apiVersion":"33","bluetooth":{"state":"ON"},"brand":"google","carrierName":"T-Mobile","displayDensity":420,"locale":"en_US","manufacturer":"Google","model":"sdk_gphone64_x86_64","networks":[{"capabilities":{"SSID":null,"linkDownBandwidthKbps":30000,"linkUpstreamBandwidthKbps":15000,"networkCapabilities":"NET_CAPABILITY_MMS,NET_CAPABILITY_SUPL,NET_CAPABILITY_DUN,NET_CAPABILITY_FOTA,NET_CAPABILITY_IMS,NET_CAPABILITY_CBS,NET_CAPABILITY_INTERNET,NET_CAPABILITY_NOT_RESTRICTED,NET_CAPABILITY_TRUSTED,NET_CAPABILITY_NOT_VPN,NET_CAPABILITY_VALIDATED,NET_CAPABILITY_NOT_ROAMING,NET_CAPABILITY_NOT_CONGESTED,NET_CAPABILITY_NOT_SUSPENDED","signalStrength":-2147483648,"transportTypes":"TRANSPORT_CELLULAR"},"detailedState":"CONNECTED","extraInfo":"epc.tmobile.com","isAvailable":true,"isConnected":true,"isFailover":false,"isRoaming":false,"state":"CONNECTED","subtype":13,"subtypeName":"LTE","type":0,"typeName":"MOBILE"},{"capabilit...
[debug] [35m[ADB][39m Running 'C:\Users\Lenovo\.katalon\tools\android_sdk\platform-tools\adb.exe -P 5037 -s emulator-5554 shell dumpsys window'
[35m[AndroidDriver][39m Screen already unlocked, doing nothing
[35m[UiAutomator2][39m Starting 'com.android.settings/.Settings and waiting for 'com.android.settings/.Settings'
[debug] [35m[ADB][39m Running 'C:\Users\Lenovo\.katalon\tools\android_sdk\platform-tools\adb.exe -P 5037 -s emulator-5554 shell am start -W -n com.android.settings/.Settings -S -a android.intent.action.MAIN -c android.intent.category.LAUNCHER -f 0x10200000'
[debug] [35m[WD Proxy][39m Proxying [GET /appium/device/pixel_ratio] to [GET http://127.0.0.1:8297/wd/hub/session/9b394eb7-74d0-4a83-a95b-8a230fad5524/appium/device/pixel_ratio] with no body
[debug] [35m[WD Proxy][39m Got response with status 200: {"sessionId":"9b394eb7-74d0-4a83-a95b-8a230fad5524","value":2.625}
[debug] [35m[WD Proxy][39m Matched '/appium/device/system_bars' to command name 'getSystemBars'
[debug] [35m[WD Proxy][39m Proxying [GET /appium/device/system_bars] to [GET http://127.0.0.1:8297/wd/hub/session/9b394eb7-74d0-4a83-a95b-8a230fad5524/appium/device/system_bars] with no body
[debug] [35m[WD Proxy][39m Got response with status 200: {"sessionId":"9b394eb7-74d0-4a83-a95b-8a230fad5524","value":{"statusBar":63}}
[debug] [35m[WD Proxy][39m Matched '/window/current/size' to command name 'getWindowSize'
[debug] [35m[WD Proxy][39m Proxying [GET /window/current/size] to [GET http://127.0.0.1:8297/wd/hub/session/9b394eb7-74d0-4a83-a95b-8a230fad5524/window/current/size] with no body
[debug] [35m[WD Proxy][39m Got response with status 200: {"sessionId":"9b394eb7-74d0-4a83-a95b-8a230fad5524","value":{"height":2337,"width":1080}}
[35m[Appium][39m New AndroidUiautomator2Driver session created successfully, session ddc900a5-dddf-49cd-8339-9f6951e8c246 added to master session list
[debug] [35m[BaseDriver][39m Event 'newSessionStarted' logged at 1706602583085 (15:16:23 GMT+0700 (Western Indonesia Time))
[debug] [35m[W3C (ddc900a5)][39m Cached the protocol value 'W3C' for the new session ddc900a5-dddf-49cd-8339-9f6951e8c246
[debug] [35m[W3C (ddc900a5)][39m Responding to client with driver.createSession() result: {"capabilities":{"platform":"ANDROID","webStorageEnabled":false,"takesScreenshot":true,"javascriptEnabled":true,"databaseEnabled":false,"networkConnectionEnabled":true,"locationContextEnabled":false,"warnings":{},"desired":{"platformName":"android","platform":"ANDROID","chromedriverPort":50312,"appActivity":".Settings","appPackage":"com.android.settings","autoGrantPermissions":true,"automationName":"uiautomator2","deviceName":"emulator-5554 (sdk_gphone64_x86_64 - Android 13)","newCommandTimeout":1800,"platformVersion":"13","systemPort":8297,"udid":"emulator-5554"},"platformName":"android","chromedriverPort":50312,"appActivity":".Settings","appPackage":"com.android.settings","autoGrantPermissions":true,"automationName":"uiautomator2","deviceName":"emulator-5554","newCommandTimeout":1800,"platformVersion":"13","systemPort":8297,"udid":"emulator-5554","deviceUDID":"emulator-5554","deviceApiLevel":33,"deviceScreenSize":"1080x2400","deviceScreenDensity":420,"deviceModel":"sdk_gphone64_x86_64","deviceManufacture...
[35m[HTTP][39m [37m<-- POST /wd/hub/session [39m[32m200[39m [90m7236 ms - 1195[39m
[35m[HTTP][39m [90m[39m
[35m[HTTP][39m [37m-->[39m [37mGET[39m [37m/wd/hub/session/ddc900a5-dddf-49cd-8339-9f6951e8c246[39m
[35m[HTTP][39m [90m{}[39m
[debug] [35m[W3C (ddc900a5)][39m Calling AppiumDriver.getSession() with args: ["ddc900a5-dddf-49cd-8339-9f6951e8c246"]
[debug] [35m[UiAutomator2][39m Getting session details from server to mix in
[debug] [35m[WD Proxy][39m Matched '/' to command name 'getSession'
[debug] [35m[WD Proxy][39m Proxying [GET /] to [GET http://127.0.0.1:8297/wd/hub/session/9b394eb7-74d0-4a83-a95b-8a230fad5524] with no body
[debug] [35m[WD Proxy][39m Got response with status 200: {"sessionId":"9b394eb7-74d0-4a83-a95b-8a230fad5524","value":{"lastScrollData":null}}
[debug] [35m[W3C (ddc900a5)][39m Responding to client with driver.getSession() result: {"platform":"ANDROID","webStorageEnabled":false,"takesScreenshot":true,"javascriptEnabled":true,"databaseEnabled":false,"networkConnectionEnabled":true,"locationContextEnabled":false,"warnings":{},"desired":{"platformName":"android","platform":"ANDROID","chromedriverPort":50312,"appActivity":".Settings","appPackage":"com.android.settings","autoGrantPermissions":true,"automationName":"uiautomator2","deviceName":"emulator-5554 (sdk_gphone64_x86_64 - Android 13)","newCommandTimeout":1800,"platformVersion":"13","systemPort":8297,"udid":"emulator-5554"},"platformName":"android","chromedriverPort":50312,"appActivity":".Settings","appPackage":"com.android.settings","autoGrantPermissions":true,"automationName":"uiautomator2","deviceName":"emulator-5554","newCommandTimeout":1800,"platformVersion":"13","systemPort":8297,"udid":"emulator-5554","deviceUDID":"emulator-5554","deviceApiLevel":33,"deviceScreenSize":"1080x2400","deviceScreenDensity":420,"deviceModel":"sdk_gphone64_x86_64","deviceManufacturer":"Google","pix...
[35m[HTTP][39m [37m<-- GET /wd/hub/session/ddc900a5-dddf-49cd-8339-9f6951e8c246 [39m[32m200[39m [90m22 ms - 1149[39m
[35m[HTTP][39m [90m[39m
[35m[HTTP][39m [37m-->[39m [37mGET[39m [37m/wd/hub/session/ddc900a5-dddf-49cd-8339-9f6951e8c246[39m
[35m[HTTP][39m [90m{}[39m
[debug] [35m[W3C (ddc900a5)][39m Calling AppiumDriver.getSession() with args: ["ddc900a5-dddf-49cd-8339-9f6951e8c246"]
[debug] [35m[UiAutomator2][39m Getting session details from server to mix in
[debug] [35m[WD Proxy][39m Matched '/' to command name 'getSession'
[debug] [35m[WD Proxy][39m Proxying [GET /] to [GET http://127.0.0.1:8297/wd/hub/session/9b394eb7-74d0-4a83-a95b-8a230fad5524] with no body
[debug] [35m[WD Proxy][39m Got response with status 200: {"sessionId":"9b394eb7-74d0-4a83-a95b-8a230fad5524","value":{"lastScrollData":null}}
[debug] [35m[W3C (ddc900a5)][39m Responding to client with driver.getSession() result: {"platform":"ANDROID","webStorageEnabled":false,"takesScreenshot":true,"javascriptEnabled":true,"databaseEnabled":false,"networkConnectionEnabled":true,"locationContextEnabled":false,"warnings":{},"desired":{"platformName":"android","platform":"ANDROID","chromedriverPort":50312,"appActivity":".Settings","appPackage":"com.android.settings","autoGrantPermissions":true,"automationName":"uiautomator2","deviceName":"emulator-5554 (sdk_gphone64_x86_64 - Android 13)","newCommandTimeout":1800,"platformVersion":"13","systemPort":8297,"udid":"emulator-5554"},"platformName":"android","chromedriverPort":50312,"appActivity":".Settings","appPackage":"com.android.settings","autoGrantPermissions":true,"automationName":"uiautomator2","deviceName":"emulator-5554","newCommandTimeout":1800,"platformVersion":"13","systemPort":8297,"udid":"emulator-5554","deviceUDID":"emulator-5554","deviceApiLevel":33,"deviceScreenSize":"1080x2400","deviceScreenDensity":420,"deviceModel":"sdk_gphone64_x86_64","deviceManufacturer":"Google","pix...
[35m[HTTP][39m [37m<-- GET /wd/hub/session/ddc900a5-dddf-49cd-8339-9f6951e8c246 [39m[32m200[39m [90m21 ms - 1149[39m
[35m[HTTP][39m [90m[39m
[35m[HTTP][39m [37m-->[39m [37mGET[39m [37m/wd/hub/status[39m
[35m[HTTP][39m [90m{}[39m
[debug] [35m[GENERIC][39m Calling AppiumDriver.getStatus() with args: []
[debug] [35m[GENERIC][39m Responding to client with driver.getStatus() result: {"build":{"version":"1.22.3"}}
[35m[HTTP][39m [37m<-- GET /wd/hub/status [39m[32m200[39m [90m2 ms - 68[39m
[35m[HTTP][39m [90m[39m
[35m[HTTP][39m [37m-->[39m [37mPOST[39m [37m/wd/hub/session/ddc900a5-dddf-49cd-8339-9f6951e8c246/timeouts[39m
[35m[HTTP][39m [90m{"implicit":60000}[39m
[debug] [35m[W3C (ddc900a5)][39m Calling AppiumDriver.timeouts() with args: [null,null,null,null,60000,"ddc900a5-dddf-49cd-8339-9f6951e8c246"]
[debug] [35m[BaseDriver][39m W3C timeout argument: {"implicit":60000}}
[debug] [35m[BaseDriver][39m Set implicit wait to 60000ms
[debug] [35m[W3C (ddc900a5)][39m Responding to client with driver.timeouts() result: null
[35m[HTTP][39m [37m<-- POST /wd/hub/session/ddc900a5-dddf-49cd-8339-9f6951e8c246/timeouts [39m[32m200[39m [90m3 ms - 14[39m
[35m[HTTP][39m [90m[39m
[35m[HTTP][39m [37m-->[39m [37mGET[39m [37m/wd/hub/session/ddc900a5-dddf-49cd-8339-9f6951e8c246/screenshot[39m
[35m[HTTP][39m [90m{}[39m
[debug] [35m[W3C (ddc900a5)][39m Calling AppiumDriver.getScreenshot() with args: ["ddc900a5-dddf-49cd-8339-9f6951e8c246"]
[debug] [35m[WD Proxy][39m Matched '/screenshot' to command name 'getScreenshot'
[debug] [35m[WD Proxy][39m Proxying [GET /screenshot] to [GET http://127.0.0.1:8297/wd/hub/session/9b394eb7-74d0-4a83-a95b-8a230fad5524/screenshot] with no body
[debug] [35m[WD Proxy][39m Got response with status 200: {"sessionId":"9b394eb7-74d0-4a83-a95b-8a230fad5524","value":"iVBORw0KGgoAAAANSUhEUgAABDgAAAlgCAYAAABtGofVAAAAAXNSR0IArs4c6QAAAARzQklUCAgI\nCHwIZIgAACAASURBVHic7N15dNXlnfjxz02IJJFNEJFFShV3QasC1qrQan+jtVrh11YFZtqOSztT\ncWm1032vWu2qTm2ntrZTxW6j/rq4tVps3dCKCCqguJIoRYhhKUkIJL8/HCMpW0Jyk3zw9Tqn59x7\n810e0vYc7pvn+zyFVbVrmgMAAAAgsZLuHgAAAABARwkcAAAAQHoCBwAAAJCewAEAAACkJ3AAAAAA\n6QkcAAAAQHoCBwAAAJCewAEAAACkJ3AAAAAA6QkcAAAAQHoCBwAAAJBer+4eAMXX1NQUK1eujEfn\nPRqLFi6MpX9bGn//+5pobm6OnXfuE0OGDIn99t0vDj74kBgwYECUlOheAAAA5FJYVbumubsHQXFU\nv1gdv/jFz6OqqiqampqiuXnr/1UXCoUoKSmJoUOHxmmnnhZ77DGyi0YKAAAAHSNw7IBqamriy1/5\n0jaDxrYUCoX41je/nXJGx/Lly2P9+vWbfF5WVhaDBg3qhhEBAEAOa+vWxovVL0ZVdVXU19dFVVV1\n1NWtbfl5RUVljBgxPMrLK2LE8BExbPiwqKyo7MYRd1xVdVWMGD6iu4dBBwkcO5DGxsb47hXfiaqq\nqg7Hjdccfvjh8c/T/6VTrtWVLv/GZfHyy8s2+XzEiD3i3BnndcOIOt+SJS/En//y53aft/foveOw\nww6P0tLSIowKAICMampqYt78eTF//rxYvHhxu88fPXp0jBkzNsaOGRsDBw4swgiLZ/bsB+LBhx6M\nGeec291DoYOswbGDWLFiRVx8yVdj/foNnXrd+Y/Nb3nd0NAQvXv37tTrF8v69eujoWHdJp+vW7fp\nZxk9//xz8a1vf2u7zn3wwQfj...
[debug] [35m[W3C (ddc900a5)][39m Responding to client with driver.getScreenshot() result: "iVBORw0KGgoAAAANSUhEUgAABDgAAAlgCAYAAABtGofVAAAAAXNSR0IArs4c6QAAAARzQklUCAgI\nCHwIZIgAACAASURBVHic7N15dNXlnfjxz02IJJFNEJFFShV3QasC1qrQan+jtVrh11YFZtqOSztT\ncWm1032vWu2qTm2ntrZTxW6j/rq4tVps3dCKCCqguJIoRYhhKUkIJL8/HCMpW0Jyk3zw9Tqn59x7\n810e0vYc7pvn+zyFVbVrmgMAAAAgsZLuHgAAAABARwkcAAAAQHoCBwAAAJCewAEAAACkJ3AAAAAA\n6QkcAAAAQHoCBwAAAJCewAEAAACkJ3AAAAAA6QkcAAAAQHoCBwAAAJBer+4eAMXX1NQUK1eujEfn\nPRqLFi6MpX9bGn//+5pobm6OnXfuE0OGDIn99t0vDj74kBgwYECUlOheAAAA5FJYVbumubsHQXFU\nv1gdv/jFz6OqqiqampqiuXnr/1UXCoUoKSmJoUOHxmmnnhZ77DGyi0YKAAAAHSNw7IBqamriy1/5\n0jaDxrYUCoX41je/nXJGx/Lly2P9+vWbfF5WVhaDBg3qhhEBAEAOa+vWxovVL0ZVdVXU19dFVVV1\n1NWtbfl5RUVljBgxPMrLK2LE8BExbPiwqKyo7MYRd1xVdVWMGD6iu4dBBwkcO5DGxsb47hXfiaqq\nqg7Hjdccfvjh8c/T/6VTrtWVLv/GZfHyy8s2+XzEiD3i3BnndcOIOt+SJS/En//y53aft/foveOw\nww6P0tLSIowKAICMampqYt78eTF//rxYvHhxu88fPXp0jBkzNsaOGRsDBw4swgiLZ/bsB+LBhx6M\nGeec291DoYOswbGDWLFiRVx8yVdj/foNnXrd+Y/Nb3nd0NAQvXv37tTrF8v69eujoWHdJp+vW7fp\nZxk9//xz8a1vf2u7zn3wwQfj+pnXx+WXfSN22mmnTh4ZAACZLF68OGbdPSvmz5/X4essXrw4brrp\nxhgzZm...
[35m[HTTP][39m [37m<-- GET /wd/hub/session/ddc900a5-dddf-49cd-8339-9f6951e8c246/screenshot [39m[32m200[39m [90m3257 ms - 30034[39m
[35m[HTTP][39m [90m[39m
[35m[HTTP][39m [37m-->[39m [37mGET[39m [37m/wd/hub/session/ddc900a5-dddf-49cd-8339-9f6951e8c246/window/rect[39m
[35m[HTTP][39m [90m{}[39m
[debug] [35m[W3C (ddc900a5)][39m Calling AppiumDriver.getWindowRect() with args: ["ddc900a5-dddf-49cd-8339-9f6951e8c246"]
[debug] [35m[WD Proxy][39m Matched '/window/current/size' to command name 'getWindowSize'
[debug] [35m[WD Proxy][39m Proxying [GET /window/current/size] to [GET http://127.0.0.1:8297/wd/hub/session/9b394eb7-74d0-4a83-a95b-8a230fad5524/window/current/size] with no body
[debug] [35m[WD Proxy][39m Got response with status 200: {"sessionId":"9b394eb7-74d0-4a83-a95b-8a230fad5524","value":{"height":2337,"width":1080}}
[debug] [35m[W3C (ddc900a5)][39m Responding to client with driver.getWindowRect() result: {"width":1080,"height":2337,"x":0,"y":0}
[35m[HTTP][39m [37m<-- GET /wd/hub/session/ddc900a5-dddf-49cd-8339-9f6951e8c246/window/rect [39m[32m200[39m [90m19 ms - 50[39m
[35m[HTTP][39m [90m[39m
[35m[HTTP][39m [37m-->[39m [37mGET[39m [37m/wd/hub/session/ddc900a5-dddf-49cd-8339-9f6951e8c246/appium/device/system_bars[39m
[35m[HTTP][39m [90m{}[39m
[debug] [35m[W3C (ddc900a5)][39m Calling AppiumDriver.getSystemBars() with args: ["ddc900a5-dddf-49cd-8339-9f6951e8c246"]
[debug] [35m[ADB][39m Running 'C:\Users\Lenovo\.katalon\tools\android_sdk\platform-tools\adb.exe -P 5037 -s emulator-5554 shell dumpsys window windows'
[debug] [35m[W3C (ddc900a5)][39m Responding to client with driver.getSystemBars() result: {"statusBar":{"visible":true,"x":0,"y":0,"width":null,"height":1},"navigationBar":{"visible":true,"x":0,"y":0,"width":null,"height":1}}
[35m[HTTP][39m [37m<-- GET /wd/hub/session/ddc900a5-dddf-49cd-8339-9f6951e8c246/appium/device/system_bars [39m[32m200[39m [90m90 ms - 145[39m
[35m[HTTP][39m [90m[39m
[35m[HTTP][39m [37m-->[39m [37mPOST[39m [37m/wd/hub/session/ddc900a5-dddf-49cd-8339-9f6951e8c246/appium/device/activate_app[39m
[35m[HTTP][39m [90m{"bundleId":"id.binar.fp.secondhand"}[39m
[debug] [35m[W3C (ddc900a5)][39m Calling AppiumDriver.activateApp() with args: ["id.binar.fp.secondhand",null,null,null,"ddc900a5-dddf-49cd-8339-9f6951e8c246"]
[debug] [35m[AndroidDriver][39m Activating 'id.binar.fp.secondhand' with 'adb shell monkey -p id.binar.fp.secondhand -c android.intent.category.LAUNCHER 1' command
[debug] [35m[ADB][39m Running 'C:\Users\Lenovo\.katalon\tools\android_sdk\platform-tools\adb.exe -P 5037 -s emulator-5554 shell monkey -p id.binar.fp.secondhand -c android.intent.category.LAUNCHER 1'
[debug] [35m[AndroidDriver][39m Command stdout: bash arg: -p
[debug] [35m[AndroidDriver][39m   bash arg: id.binar.fp.secondhand
[debug] [35m[AndroidDriver][39m   bash arg: -c
[debug] [35m[AndroidDriver][39m   bash arg: android.intent.category.LAUNCHER
[debug] [35m[AndroidDriver][39m   bash arg: 1
[debug] [35m[AndroidDriver][39m Events injected: 1
[debug] [35m[AndroidDriver][39m ## Network stats: elapsed time=10ms (0ms mobile, 0ms wifi, 10ms not connected)
[debug] [35m[W3C (ddc900a5)][39m Responding to client with driver.activateApp() result: null
[35m[HTTP][39m [37m<-- POST /wd/hub/session/ddc900a5-dddf-49cd-8339-9f6951e8c246/appium/device/activate_app [39m[32m200[39m [90m350 ms - 14[39m
[35m[HTTP][39m [90m[39m
[35m[HTTP][39m [37m-->[39m [37mGET[39m [37m/wd/hub/session/ddc900a5-dddf-49cd-8339-9f6951e8c246/source[39m
[35m[HTTP][39m [90m{}[39m
[35m[W3C (ddc900a5)][39m Driver proxy active, passing request on via HTTP proxy
[debug] [35m[WD Proxy][39m Matched '/wd/hub/session/ddc900a5-dddf-49cd-8339-9f6951e8c246/source' to command name 'getPageSource'
[debug] [35m[WD Proxy][39m Proxying [GET /wd/hub/session/ddc900a5-dddf-49cd-8339-9f6951e8c246/source] to [GET http://127.0.0.1:8297/wd/hub/session/9b394eb7-74d0-4a83-a95b-8a230fad5524/source] with no body
[debug] [35m[WD Proxy][39m Got response with status 200: {"sessionId":"9b394eb7-74d0-4a83-a95b-8a230fad5524","value":"<?xml version='1.0' encoding='UTF-8' standalone='yes' ?>\r\n<hierarchy index=\"0\" class=\"hierarchy\" rotation=\"0\" width=\"1080\" height=\"2337\">\r\n  <android.widget.FrameLayout index=\"0\" package=\"id.binar.fp.secondhand\" class=\"android.widget.FrameLayout\" text=\"\" checkable=\"false\" checked=\"false\" clickable=\"false\" enabled=\"true\" focusable=\"false\" focused=\"false\" long-clickable=\"false\" password=\"false\" scrollable=\"false\" selected=\"false\" bounds=\"[0,0][1080,2337]\" displayed=\"true\">\r\n    <android.widget.LinearLayout index=\"0\" package=\"id.binar.fp.secondhand\" class=\"android.widget.LinearLayout\" text=\"\" checkable=\"false\" checked=\"false\" clickable=\"false\" enabled=\"true\" focusable=\"false\" focused=\"false\" long-clickable=\"false\" password=\"false\" scrollable=\"false\" selected=\"false\" bounds=\"[0,0][1080,2337]\" displayed=\"true\">\r\n      <android.widget.FrameLayout index=\"0\" package=\"id....
[35m[WD Proxy][39m Replacing sessionId 9b394eb7-74d0-4a83-a95b-8a230fad5524 with ddc900a5-dddf-49cd-8339-9f6951e8c246
[35m[HTTP][39m [37m<-- GET /wd/hub/session/ddc900a5-dddf-49cd-8339-9f6951e8c246/source [39m[32m200[39m [90m446 ms - 14552[39m
[35m[HTTP][39m [90m[39m
[35m[HTTP][39m [37m-->[39m [37mGET[39m [37m/wd/hub/session/ddc900a5-dddf-49cd-8339-9f6951e8c246/screenshot[39m
[35m[HTTP][39m [90m{}[39m
[debug] [35m[W3C (ddc900a5)][39m Calling AppiumDriver.getScreenshot() with args: ["ddc900a5-dddf-49cd-8339-9f6951e8c246"]
[debug] [35m[WD Proxy][39m Matched '/screenshot' to command name 'getScreenshot'
[debug] [35m[WD Proxy][39m Proxying [GET /screenshot] to [GET http://127.0.0.1:8297/wd/hub/session/9b394eb7-74d0-4a83-a95b-8a230fad5524/screenshot] with no body
[debug] [35m[WD Proxy][39m Got response with status 200: {"sessionId":"9b394eb7-74d0-4a83-a95b-8a230fad5524","value":"iVBORw0KGgoAAAANSUhEUgAABDgAAAlgCAYAAABtGofVAAAAAXNSR0IArs4c6QAAAARzQklUCAgI\nCHwIZIgAACAASURBVHic7N15Vxtnvu79q0rzgJjFZGyDDR4S4ymJM/Q+57yafo291z5rnb2fTjqD\nx9ixHRPHxswzQmiWqur5g0CDkWQJJKGC72etdINKVXUXVGHVVff9u42///3vjgAAAAAAAFzMPO0G\nAAAAAAAAnBQBBwAAAAAAcD0CDgAAAAAA4HoEHAAAAAAAwPUIOAAAAAAAgOsRcAAAAAAAANcj4AAA\nAAAAAK5HwAEAAAAAAFyPgAMAAAAAALgeAQcAAAAAAHA9Ag4AAAAAAOB63tNuAJrPcRwVCgWtr69r\na2tLmUxGpVJJjuPI5/MpHA6rq6tLfX19CgQCMgzjtJsMAAAAAEBdCDjOsHQ6rT/++EOpVEqO45R9\nTz6fVz6f19bWlt6/fy/DMBSJRDQxMaFoNNriFgMAAAAAcDwEHGdQLpfTw4cPj7Wu4zhKpVJ6+vSp\nJOlvf/ubK3t05HI52bZ95HXTNBUMBk+hRQAAAIA7lEolpdNppVIpWZalVCqlUqm0v9zr9Soajcrj\n8SgajSoSicjrdfetZSqV4gHvGeDusxCH2LatX3/9ValUqmHbnJ6e1rVr1xq2vVZ5/fq1stnskdej\n0aimpqZOoUWNl0qltLi4WPd6nZ2disfjrgyuAAAA0By5XE4bGxva2NjQ9vb2J9+/sbFx6PvOzk71\n9vaqt7fXdQ8UV1ZWtLKycmbuE84zAo4zIpfL6dGjRxWHohzXwT9clmXJ4/E0dPvNYtu2LMs68nq5\n19xoZ2dHz549O9a6Kysrmp6e1nfffSfTpM4wAADAeba9va2FhYUjgcVxtrO9va13796pt7dXIyMj\n6uzsbFArm2fvs7Eb2opPI+A4...
[debug] [35m[W3C (ddc900a5)][39m Responding to client with driver.getScreenshot() result: "iVBORw0KGgoAAAANSUhEUgAABDgAAAlgCAYAAABtGofVAAAAAXNSR0IArs4c6QAAAARzQklUCAgI\nCHwIZIgAACAASURBVHic7N15Vxtnvu79q0rzgJjFZGyDDR4S4ymJM/Q+57yafo291z5rnb2fTjqD\nx9ixHRPHxswzQmiWqur5g0CDkWQJJKGC72etdINKVXUXVGHVVff9u42///3vjgAAAAAAAFzMPO0G\nAAAAAAAAnBQBBwAAAAAAcD0CDgAAAAAA4HoEHAAAAAAAwPUIOAAAAAAAgOsRcAAAAAAAANcj4AAA\nAAAAAK5HwAEAAAAAAFyPgAMAAAAAALgeAQcAAAAAAHA9Ag4AAAAAAOB63tNuAJrPcRwVCgWtr69r\na2tLmUxGpVJJjuPI5/MpHA6rq6tLfX19CgQCMgzjtJsMAAAAAEBdCDjOsHQ6rT/++EOpVEqO45R9\nTz6fVz6f19bWlt6/fy/DMBSJRDQxMaFoNNriFgMAAAAAcDwEHGdQLpfTw4cPj7Wu4zhKpVJ6+vSp\nJOlvf/ubK3t05HI52bZ95HXTNBUMBk+hRQAAAIA7lEolpdNppVIpWZalVCqlUqm0v9zr9Soajcrj\n8SgajSoSicjrdfetZSqV4gHvGeDusxCH2LatX3/9ValUqmHbnJ6e1rVr1xq2vVZ5/fq1stnskdej\n0aimpqZOoUWNl0qltLi4WPd6nZ2disfjrgyuAAAA0By5XE4bGxva2NjQ9vb2J9+/sbFx6PvOzk71\n9vaqt7fXdQ8UV1ZWtLKycmbuE84zAo4zIpfL6dGjRxWHohzXwT9clmXJ4/E0dPvNYtu2LMs68nq5\n19xoZ2dHz549O9a6Kysrmp6e1nfffSfTpM4wAADAeba9va2FhYUjgcVxtrO9va13796pt7dXIyMj\n6uzsbFArm2fvs7Eb2opPI+A4AzY3N/Xy5cumbNuyLBUKBfn9fs3NzSkajaqvr68p+0Jttre39fz5\n8xNv58...
[35m[HTTP][39m [37m<-- GET /wd/hub/session/ddc900a5-dddf-49cd-8339-9f6951e8c246/screenshot [39m[32m200[39m [90m402 ms - 332214[39m
[35m[HTTP][39m [90m[39m
[35m[HTTP][39m [37m-->[39m [37mPOST[39m [37m/wd/hub/session/ddc900a5-dddf-49cd-8339-9f6951e8c246/elements[39m
[35m[HTTP][39m [90m{"using":"xpath","value":"//*[@class = 'android.widget.EditText' and (@text = 'Kata Sandi Lama' or . = 'Kata Sandi Lama') and @resource-id = 'id.binar.fp.secondhand:id/et_curr_password']"}[39m
[debug] [35m[W3C (ddc900a5)][39m Calling AppiumDriver.findElements() with args: ["xpath","//*[@class = 'android.widget.EditText' and (@text = 'Kata Sandi Lama' or . = 'Kata Sandi Lama') and @resource-id = 'id.binar.fp.secondhand:id/et_curr_password']","ddc900a5-dddf-49cd-8339-9f6951e8c246"]
[debug] [35m[BaseDriver][39m Valid locator strategies for this request: xpath, id, class name, accessibility id, css selector, -android uiautomator
[debug] [35m[BaseDriver][39m Waiting up to 60000 ms for condition
[debug] [35m[WD Proxy][39m Matched '/elements' to command name 'findElements'
[debug] [35m[WD Proxy][39m Proxying [POST /elements] to [POST http://127.0.0.1:8297/wd/hub/session/9b394eb7-74d0-4a83-a95b-8a230fad5524/elements] with body: {"strategy":"xpath","selector":"//*[@class = 'android.widget.EditText' and (@text = 'Kata Sandi Lama' or . = 'Kata Sandi Lama') and @resource-id = 'id.binar.fp.secondhand:id/et_curr_password']","context":"","multiple":true}
[debug] [35m[WD Proxy][39m Got response with status 200: {"sessionId":"9b394eb7-74d0-4a83-a95b-8a230fad5524","value":[{"ELEMENT":"00000000-0000-0241-ffff-ffff000004b9","element-6066-11e4-a52e-4f735466cecf":"00000000-0000-0241-ffff-ffff000004b9"}]}
[debug] [35m[W3C (ddc900a5)][39m Responding to client with driver.findElements() result: [{"element-6066-11e4-a52e-4f735466cecf":"00000000-0000-0241-ffff-ffff000004b9","ELEMENT":"00000000-0000-0241-ffff-ffff000004b9"}]
[35m[HTTP][39m [37m<-- POST /wd/hub/session/ddc900a5-dddf-49cd-8339-9f6951e8c246/elements [39m[32m200[39m [90m376 ms - 139[39m
[35m[HTTP][39m [90m[39m
[35m[HTTP][39m [37m-->[39m [37mPOST[39m [37m/wd/hub/session/ddc900a5-dddf-49cd-8339-9f6951e8c246/elements[39m
[35m[HTTP][39m [90m{"using":"xpath","value":"//*[@class = 'android.widget.EditText' and (@text = 'Kata Sandi Baru' or . = 'Kata Sandi Baru') and @resource-id = 'id.binar.fp.secondhand:id/et_new_password']"}[39m
[debug] [35m[W3C (ddc900a5)][39m Calling AppiumDriver.findElements() with args: ["xpath","//*[@class = 'android.widget.EditText' and (@text = 'Kata Sandi Baru' or . = 'Kata Sandi Baru') and @resource-id = 'id.binar.fp.secondhand:id/et_new_password']","ddc900a5-dddf-49cd-8339-9f6951e8c246"]
[debug] [35m[BaseDriver][39m Valid locator strategies for this request: xpath, id, class name, accessibility id, css selector, -android uiautomator
[debug] [35m[BaseDriver][39m Waiting up to 60000 ms for condition
[debug] [35m[WD Proxy][39m Matched '/elements' to command name 'findElements'
[debug] [35m[WD Proxy][39m Proxying [POST /elements] to [POST http://127.0.0.1:8297/wd/hub/session/9b394eb7-74d0-4a83-a95b-8a230fad5524/elements] with body: {"strategy":"xpath","selector":"//*[@class = 'android.widget.EditText' and (@text = 'Kata Sandi Baru' or . = 'Kata Sandi Baru') and @resource-id = 'id.binar.fp.secondhand:id/et_new_password']","context":"","multiple":true}
[debug] [35m[WD Proxy][39m Got response with status 200: {"sessionId":"9b394eb7-74d0-4a83-a95b-8a230fad5524","value":[{"ELEMENT":"00000000-0000-0241-ffff-ffff000004c4","element-6066-11e4-a52e-4f735466cecf":"00000000-0000-0241-ffff-ffff000004c4"}]}
[debug] [35m[W3C (ddc900a5)][39m Responding to client with driver.findElements() result: [{"element-6066-11e4-a52e-4f735466cecf":"00000000-0000-0241-ffff-ffff000004c4","ELEMENT":"00000000-0000-0241-ffff-ffff000004c4"}]
[35m[HTTP][39m [37m<-- POST /wd/hub/session/ddc900a5-dddf-49cd-8339-9f6951e8c246/elements [39m[32m200[39m [90m75 ms - 139[39m
[35m[HTTP][39m [90m[39m
[35m[HTTP][39m [37m-->[39m [37mPOST[39m [37m/wd/hub/session/ddc900a5-dddf-49cd-8339-9f6951e8c246/elements[39m
[35m[HTTP][39m [90m{"using":"xpath","value":"//*[@class = 'android.widget.EditText' and (@text = 'Konfirmasi Kata Sandi' or . = 'Konfirmasi Kata Sandi') and @resource-id = 'id.binar.fp.secondhand:id/et_confirm_password']"}[39m
[debug] [35m[W3C (ddc900a5)][39m Calling AppiumDriver.findElements() with args: ["xpath","//*[@class = 'android.widget.EditText' and (@text = 'Konfirmasi Kata Sandi' or . = 'Konfirmasi Kata Sandi') and @resource-id = 'id.binar.fp.secondhand:id/et_confirm_password']","ddc900a5-dddf-49cd-8339-9f6951e8c246"]
[debug] [35m[BaseDriver][39m Valid locator strategies for this request: xpath, id, class name, accessibility id, css selector, -android uiautomator
[debug] [35m[BaseDriver][39m Waiting up to 60000 ms for condition
[debug] [35m[WD Proxy][39m Matched '/elements' to command name 'findElements'
[debug] [35m[WD Proxy][39m Proxying [POST /elements] to [POST http://127.0.0.1:8297/wd/hub/session/9b394eb7-74d0-4a83-a95b-8a230fad5524/elements] with body: {"strategy":"xpath","selector":"//*[@class = 'android.widget.EditText' and (@text = 'Konfirmasi Kata Sandi' or . = 'Konfirmasi Kata Sandi') and @resource-id = 'id.binar.fp.secondhand:id/et_confirm_password']","context":"","multiple":true}
[debug] [35m[WD Proxy][39m Got response with status 200: {"sessionId":"9b394eb7-74d0-4a83-a95b-8a230fad5524","value":[{"ELEMENT":"00000000-0000-0241-ffff-ffff000004cf","element-6066-11e4-a52e-4f735466cecf":"00000000-0000-0241-ffff-ffff000004cf"}]}
[debug] [35m[W3C (ddc900a5)][39m Responding to client with driver.findElements() result: [{"element-6066-11e4-a52e-4f735466cecf":"00000000-0000-0241-ffff-ffff000004cf","ELEMENT":"00000000-0000-0241-ffff-ffff000004cf"}]
[35m[HTTP][39m [37m<-- POST /wd/hub/session/ddc900a5-dddf-49cd-8339-9f6951e8c246/elements [39m[32m200[39m [90m62 ms - 139[39m
[35m[HTTP][39m [90m[39m
[35m[HTTP][39m [37m-->[39m [37mPOST[39m [37m/wd/hub/session/ddc900a5-dddf-49cd-8339-9f6951e8c246/elements[39m
[35m[HTTP][39m [90m{"using":"xpath","value":"//*[@class = 'android.widget.Button' and (@text = 'Simpan' or . = 'Simpan') and @resource-id = 'id.binar.fp.secondhand:id/btn_save']"}[39m
[debug] [35m[W3C (ddc900a5)][39m Calling AppiumDriver.findElements() with args: ["xpath","//*[@class = 'android.widget.Button' and (@text = 'Simpan' or . = 'Simpan') and @resource-id = 'id.binar.fp.secondhand:id/btn_save']","ddc900a5-dddf-49cd-8339-9f6951e8c246"]
[debug] [35m[BaseDriver][39m Valid locator strategies for this request: xpath, id, class name, accessibility id, css selector, -android uiautomator
[debug] [35m[BaseDriver][39m Waiting up to 60000 ms for condition
[debug] [35m[WD Proxy][39m Matched '/elements' to command name 'findElements'
[debug] [35m[WD Proxy][39m Proxying [POST /elements] to [POST http://127.0.0.1:8297/wd/hub/session/9b394eb7-74d0-4a83-a95b-8a230fad5524/elements] with body: {"strategy":"xpath","selector":"//*[@class = 'android.widget.Button' and (@text = 'Simpan' or . = 'Simpan') and @resource-id = 'id.binar.fp.secondhand:id/btn_save']","context":"","multiple":true}
[debug] [35m[WD Proxy][39m Got response with status 200: {"sessionId":"9b394eb7-74d0-4a83-a95b-8a230fad5524","value":[{"ELEMENT":"00000000-0000-0241-ffff-ffff000004d8","element-6066-11e4-a52e-4f735466cecf":"00000000-0000-0241-ffff-ffff000004d8"}]}
[debug] [35m[W3C (ddc900a5)][39m Responding to client with driver.findElements() result: [{"element-6066-11e4-a52e-4f735466cecf":"00000000-0000-0241-ffff-ffff000004d8","ELEMENT":"00000000-0000-0241-ffff-ffff000004d8"}]
[35m[HTTP][39m [37m<-- POST /wd/hub/session/ddc900a5-dddf-49cd-8339-9f6951e8c246/elements [39m[32m200[39m [90m63 ms - 139[39m
[35m[HTTP][39m [90m[39m
[35m[HTTP][39m [37m-->[39m [37mDELETE[39m [37m/wd/hub/session/ddc900a5-dddf-49cd-8339-9f6951e8c246[39m
[35m[HTTP][39m [90m{}[39m
[debug] [35m[W3C (ddc900a5)][39m Calling AppiumDriver.deleteSession() with args: ["ddc900a5-dddf-49cd-8339-9f6951e8c246"]
[debug] [35m[BaseDriver][39m Event 'quitSessionRequested' logged at 1706602894029 (15:21:34 GMT+0700 (Western Indonesia Time))
[35m[Appium][39m Removing session ddc900a5-dddf-49cd-8339-9f6951e8c246 from our master session list
[debug] [35m[UiAutomator2][39m Deleting UiAutomator2 session
[debug] [35m[UiAutomator2][39m Deleting UiAutomator2 server session
[debug] [35m[WD Proxy][39m Matched '/' to command name 'deleteSession'
[debug] [35m[WD Proxy][39m Proxying [DELETE /] to [DELETE http://127.0.0.1:8297/wd/hub/session/9b394eb7-74d0-4a83-a95b-8a230fad5524] with no body
[debug] [35m[WD Proxy][39m Got response with status 200: {"sessionId":"9b394eb7-74d0-4a83-a95b-8a230fad5524","value":null}
[debug] [35m[ADB][39m Running 'C:\Users\Lenovo\.katalon\tools\android_sdk\platform-tools\adb.exe -P 5037 -s emulator-5554 shell am force-stop com.android.settings'
[debug] [35m[Logcat][39m Stopping logcat capture
[debug] [35m[ADB][39m Removing forwarded port socket connection: 8297 
[debug] [35m[ADB][39m Running 'C:\Users\Lenovo\.katalon\tools\android_sdk\platform-tools\adb.exe -P 5037 -s emulator-5554 forward --remove tcp:8297'
[35m[UiAutomator2][39m Restoring hidden api policy to the device default configuration
[debug] [35m[ADB][39m Running 'C:\Users\Lenovo\.katalon\tools\android_sdk\platform-tools\adb.exe -P 5037 -s emulator-5554 shell 'settings delete global hidden_api_policy_pre_p_apps;settings delete global hidden_api_policy_p_apps;settings delete global hidden_api_policy''
[debug] [35m[BaseDriver][39m Event 'quitSessionFinished' logged at 1706602894348 (15:21:34 GMT+0700 (Western Indonesia Time))
[debug] [35m[W3C (ddc900a5)][39m Received response: null
[debug] [35m[W3C (ddc900a5)][39m But deleting session, so not returning
[debug] [35m[W3C (ddc900a5)][39m Responding to client with driver.deleteSession() result: null
[35m[HTTP][39m [37m<-- DELETE /wd/hub/session/ddc900a5-dddf-49cd-8339-9f6951e8c246 [39m[32m200[39m [90m321 ms - 14[39m
[35m[HTTP][39m [90m[39m
